<?xml version="1.0" encoding="UTF-8"?>
<!-- Generated by org.testng.reporters.JUnitXMLReporter -->
<testsuite hostname="RakSan-HP32" ignored="6" name="Test" tests="5" failures="5" timestamp="26 Feb 2018 14:05:04 GMT" time="139.637" errors="0">
  <testcase name="testCaseWithMultipleRecords" time="10.599" classname="com.framework.Package.tests.SmokeTest">
    <failure type="java.lang.RuntimeException" message="Clearing username field Failed. Element is not visible or disabled on the webpage. By.name: userName">
      <![CDATA[java.lang.RuntimeException: Clearing username field Failed. Element is not visible or disabled on the webpage. By.name: userNameat com.framework.Package.driver.CommonMethods.clear(CommonMethods.java:87)at com.framework.Package.pageObjects.Login.passDataToUsernameField(Login.java:25)at com.framework.Package.tests.SmokeTest.testCaseWithMultipleRecords(SmokeTest.java:113)... Removed 28 stack frames]]>
    </failure>
  </testcase> <!-- testCaseWithMultipleRecords -->
  <testcase name="testCaseWithMultipleRecords" time="30.332" classname="com.framework.Package.tests.SmokeTest">
    <failure type="java.lang.RuntimeException" message="Clearing username field Failed. Element is not visible or disabled on the webpage. By.name: userName">
      <![CDATA[java.lang.RuntimeException: Clearing username field Failed. Element is not visible or disabled on the webpage. By.name: userNameat com.framework.Package.driver.CommonMethods.clear(CommonMethods.java:87)at com.framework.Package.pageObjects.Login.passDataToUsernameField(Login.java:25)at com.framework.Package.tests.SmokeTest.testCaseWithMultipleRecords(SmokeTest.java:113)... Removed 28 stack frames]]>
    </failure>
  </testcase> <!-- testCaseWithMultipleRecords -->
  <testcase name="testCaseWithMultipleRecords" time="30.238" classname="com.framework.Package.tests.SmokeTest">
    <failure type="java.lang.RuntimeException" message="Clearing username field Failed. Element is not visible or disabled on the webpage. By.name: userName">
      <![CDATA[java.lang.RuntimeException: Clearing username field Failed. Element is not visible or disabled on the webpage. By.name: userNameat com.framework.Package.driver.CommonMethods.clear(CommonMethods.java:87)at com.framework.Package.pageObjects.Login.passDataToUsernameField(Login.java:25)at com.framework.Package.tests.SmokeTest.testCaseWithMultipleRecords(SmokeTest.java:113)... Removed 28 stack frames]]>
    </failure>
  </testcase> <!-- testCaseWithMultipleRecords -->
  <testcase name="testCaseWithMultipleRecords" time="30.415" classname="com.framework.Package.tests.SmokeTest">
    <failure type="java.lang.RuntimeException" message="Clearing username field Failed. Element is not visible or disabled on the webpage. By.name: userName">
      <![CDATA[java.lang.RuntimeException: Clearing username field Failed. Element is not visible or disabled on the webpage. By.name: userNameat com.framework.Package.driver.CommonMethods.clear(CommonMethods.java:87)at com.framework.Package.pageObjects.Login.passDataToUsernameField(Login.java:25)at com.framework.Package.tests.SmokeTest.testCaseWithMultipleRecords(SmokeTest.java:113)... Removed 28 stack frames]]>
    </failure>
  </testcase> <!-- testCaseWithMultipleRecords -->
  <testcase name="testCaseWithMultipleRecords" time="30.315" classname="com.framework.Package.tests.SmokeTest">
    <failure type="java.lang.RuntimeException" message="Clearing username field Failed. Element is not visible or disabled on the webpage. By.name: userName">
      <![CDATA[java.lang.RuntimeException: Clearing username field Failed. Element is not visible or disabled on the webpage. By.name: userNameat com.framework.Package.driver.CommonMethods.clear(CommonMethods.java:87)at com.framework.Package.pageObjects.Login.passDataToUsernameField(Login.java:25)at com.framework.Package.tests.SmokeTest.testCaseWithMultipleRecords(SmokeTest.java:113)... Removed 28 stack frames]]>
    </failure>
  </testcase> <!-- testCaseWithMultipleRecords -->
  <testcase name="loginWithEmptyUsername" time="0.0" classname="com.framework.Package.tests.SmokeTest">
    <ignored/>
  </testcase> <!-- loginWithEmptyUsername -->
  <testcase name="loginFunc" time="0.0" classname="com.framework.Package.tests.SmokeTest">
    <ignored/>
  </testcase> <!-- loginFunc -->
  <testcase name="navigateToLoginPageFromForgotPasswordScreen" time="0.0" classname="com.framework.Package.tests.SmokeTest">
    <ignored/>
  </testcase> <!-- navigateToLoginPageFromForgotPasswordScreen -->
  <testcase name="forgotPasswordFunc" time="0.0" classname="com.framework.Package.tests.SmokeTest">
    <ignored/>
  </testcase> <!-- forgotPasswordFunc -->
  <testcase name="loginWithEmptyPasswordField" time="0.0" classname="com.framework.Package.tests.SmokeTest">
    <ignored/>
  </testcase> <!-- loginWithEmptyPasswordField -->
  <testcase name="forgotPasswordWithInvalidEmail" time="0.0" classname="com.framework.Package.tests.SmokeTest">
    <ignored/>
  </testcase> <!-- forgotPasswordWithInvalidEmail -->
</testsuite> <!-- Test -->
