<?xml version="1.0" encoding="UTF-8"?>
<testng-results skipped="0" failed="0" ignored="6" total="11" passed="5">
  <reporter-output>
  </reporter-output>
  <suite name="Suite" duration-ms="68689" started-at="2018-03-14T14:30:12Z" finished-at="2018-03-14T14:31:20Z">
    <groups>
      <group name="MultipleRecords">
        <method signature="SmokeTest.testCaseWithMultipleRecords(java.lang.String, java.lang.String)[pri:-1, instance:com.framework.Package.tests.SmokeTest@3e57cd70]" name="testCaseWithMultipleRecords" class="com.framework.Package.tests.SmokeTest"/>
      </group> <!-- MultipleRecords -->
    </groups>
    <test name="Test" duration-ms="68689" started-at="2018-03-14T14:30:12Z" finished-at="2018-03-14T14:31:20Z">
      <class name="com.framework.Package.tests.SmokeTest">
        <test-method status="PASS" signature="ExtentReporting()[pri:0, instance:com.framework.Package.tests.SmokeTest@3e57cd70]" name="ExtentReporting" is-config="true" duration-ms="214" started-at="2018-03-14T20:00:12Z" finished-at="2018-03-14T20:00:12Z">
          <reporter-output>
          </reporter-output>
        </test-method> <!-- ExtentReporting -->
        <test-method status="PASS" signature="openBrowser(java.lang.String, java.lang.String)[pri:0, instance:com.framework.Package.tests.SmokeTest@3e57cd70]" name="openBrowser" is-config="true" duration-ms="52402" started-at="2018-03-14T20:00:12Z" finished-at="2018-03-14T20:01:04Z">
          <params>
            <param index="0">
              <value>
                <![CDATA[chrome]]>
              </value>
            </param>
            <param index="1">
              <value>
                <![CDATA[STAGGING]]>
              </value>
            </param>
          </params>
          <reporter-output>
          </reporter-output>
        </test-method> <!-- openBrowser -->
        <test-method status="PASS" signature="testCaseWithMultipleRecords(java.lang.String, java.lang.String)[pri:-1, instance:com.framework.Package.tests.SmokeTest@3e57cd70]" name="testCaseWithMultipleRecords" duration-ms="2807" started-at="2018-03-14T20:01:04Z" data-provider="gettingDataUsingDataProvider" finished-at="2018-03-14T20:01:07Z">
          <params>
            <param index="0">
              <value>
                <![CDATA[data1@em]]>
              </value>
            </param>
            <param index="1">
              <value>
                <![CDATA[Pass1]]>
              </value>
            </param>
          </params>
          <reporter-output>
          </reporter-output>
        </test-method> <!-- testCaseWithMultipleRecords -->
        <test-method status="PASS" signature="testCaseWithMultipleRecords(java.lang.String, java.lang.String)[pri:-1, instance:com.framework.Package.tests.SmokeTest@3e57cd70]" name="testCaseWithMultipleRecords" duration-ms="3275" started-at="2018-03-14T20:01:07Z" data-provider="gettingDataUsingDataProvider" finished-at="2018-03-14T20:01:10Z">
          <params>
            <param index="0">
              <value>
                <![CDATA[data2@em]]>
              </value>
            </param>
            <param index="1">
              <value>
                <![CDATA[Pass2]]>
              </value>
            </param>
          </params>
          <reporter-output>
          </reporter-output>
        </test-method> <!-- testCaseWithMultipleRecords -->
        <test-method status="PASS" signature="testCaseWithMultipleRecords(java.lang.String, java.lang.String)[pri:-1, instance:com.framework.Package.tests.SmokeTest@3e57cd70]" name="testCaseWithMultipleRecords" duration-ms="3311" started-at="2018-03-14T20:01:10Z" data-provider="gettingDataUsingDataProvider" finished-at="2018-03-14T20:01:14Z">
          <params>
            <param index="0">
              <value>
                <![CDATA[data3@em]]>
              </value>
            </param>
            <param index="1">
              <value>
                <![CDATA[Pass3]]>
              </value>
            </param>
          </params>
          <reporter-output>
          </reporter-output>
        </test-method> <!-- testCaseWithMultipleRecords -->
        <test-method status="PASS" signature="testCaseWithMultipleRecords(java.lang.String, java.lang.String)[pri:-1, instance:com.framework.Package.tests.SmokeTest@3e57cd70]" name="testCaseWithMultipleRecords" duration-ms="3246" started-at="2018-03-14T20:01:14Z" data-provider="gettingDataUsingDataProvider" finished-at="2018-03-14T20:01:17Z">
          <params>
            <param index="0">
              <value>
                <![CDATA[data4@em]]>
              </value>
            </param>
            <param index="1">
              <value>
                <![CDATA[Pass4]]>
              </value>
            </param>
          </params>
          <reporter-output>
          </reporter-output>
        </test-method> <!-- testCaseWithMultipleRecords -->
        <test-method status="PASS" signature="testCaseWithMultipleRecords(java.lang.String, java.lang.String)[pri:-1, instance:com.framework.Package.tests.SmokeTest@3e57cd70]" name="testCaseWithMultipleRecords" duration-ms="3284" started-at="2018-03-14T20:01:17Z" data-provider="gettingDataUsingDataProvider" finished-at="2018-03-14T20:01:20Z">
          <params>
            <param index="0">
              <value>
                <![CDATA[data5@em]]>
              </value>
            </param>
            <param index="1">
              <value>
                <![CDATA[Pass5]]>
              </value>
            </param>
          </params>
          <reporter-output>
          </reporter-output>
        </test-method> <!-- testCaseWithMultipleRecords -->
        <test-method status="PASS" signature="end()[pri:0, instance:com.framework.Package.tests.SmokeTest@3e57cd70]" name="end" is-config="true" duration-ms="318" started-at="2018-03-14T20:01:20Z" finished-at="2018-03-14T20:01:20Z">
          <reporter-output>
          </reporter-output>
        </test-method> <!-- end -->
      </class> <!-- com.framework.Package.tests.SmokeTest -->
    </test> <!-- Test -->
  </suite> <!-- Suite -->
</testng-results>
