-------------------------------------------------------------------------------
Test set: TestSuite
-------------------------------------------------------------------------------
Tests run: 5, Failures: 5, Errors: 0, Skipped: 0, Time elapsed: 141.158 sec <<< FAILURE! - in TestSuite
testCaseWithMultipleRecords(com.framework.Package.tests.SmokeTest)  Time elapsed: 10.609 sec  <<< FAILURE!
java.lang.RuntimeException: Clearing username field Failed. Element is not visible or disabled on the webpage. By.name: userName
	at com.framework.Package.driver.CommonMethods.clear(CommonMethods.java:87)
	at com.framework.Package.pageObjects.Login.passDataToUsernameField(Login.java:25)
	at com.framework.Package.tests.SmokeTest.testCaseWithMultipleRecords(SmokeTest.java:113)

testCaseWithMultipleRecords(com.framework.Package.tests.SmokeTest)  Time elapsed: 30.328 sec  <<< FAILURE!
java.lang.RuntimeException: Clearing username field Failed. Element is not visible or disabled on the webpage. By.name: userName
	at com.framework.Package.driver.CommonMethods.clear(CommonMethods.java:87)
	at com.framework.Package.pageObjects.Login.passDataToUsernameField(Login.java:25)
	at com.framework.Package.tests.SmokeTest.testCaseWithMultipleRecords(SmokeTest.java:113)

testCaseWithMultipleRecords(com.framework.Package.tests.SmokeTest)  Time elapsed: 30.239 sec  <<< FAILURE!
java.lang.RuntimeException: Clearing username field Failed. Element is not visible or disabled on the webpage. By.name: userName
	at com.framework.Package.driver.CommonMethods.clear(CommonMethods.java:87)
	at com.framework.Package.pageObjects.Login.passDataToUsernameField(Login.java:25)
	at com.framework.Package.tests.SmokeTest.testCaseWithMultipleRecords(SmokeTest.java:113)

testCaseWithMultipleRecords(com.framework.Package.tests.SmokeTest)  Time elapsed: 30.416 sec  <<< FAILURE!
java.lang.RuntimeException: Clearing username field Failed. Element is not visible or disabled on the webpage. By.name: userName
	at com.framework.Package.driver.CommonMethods.clear(CommonMethods.java:87)
	at com.framework.Package.pageObjects.Login.passDataToUsernameField(Login.java:25)
	at com.framework.Package.tests.SmokeTest.testCaseWithMultipleRecords(SmokeTest.java:113)

testCaseWithMultipleRecords(com.framework.Package.tests.SmokeTest)  Time elapsed: 30.315 sec  <<< FAILURE!
java.lang.RuntimeException: Clearing username field Failed. Element is not visible or disabled on the webpage. By.name: userName
	at com.framework.Package.driver.CommonMethods.clear(CommonMethods.java:87)
	at com.framework.Package.pageObjects.Login.passDataToUsernameField(Login.java:25)
	at com.framework.Package.tests.SmokeTest.testCaseWithMultipleRecords(SmokeTest.java:113)

